<?xml version="1.0" encoding="UTF-8"?>
<testng-results ignored="0" total="1" passed="1" failed="0" skipped="0">
  <reporter-output>
  </reporter-output>
  <suite started-at="2022-09-21T11:14:40Z" name="practice.PracticeTest" finished-at="2022-09-21T11:14:41Z" duration-ms="40">
    <groups>
    </groups>
    <test started-at="2022-09-21T11:14:40Z" name="Command line test" finished-at="2022-09-21T11:14:41Z" duration-ms="40">
      <class name="practice.PracticeTest">
        <test-method signature="show()[pri:0, instance:practice.PracticeTest@7714e963]" started-at="2022-09-21T11:14:41Z" name="show" finished-at="2022-09-21T11:14:41Z" duration-ms="9" status="PASS">
          <reporter-output>
          </reporter-output>
        </test-method> <!-- show -->
      </class> <!-- practice.PracticeTest -->
    </test> <!-- Command line test -->
  </suite> <!-- practice.PracticeTest -->
</testng-results>
