<?xml version="1.0" encoding="UTF-8"?>
<testng-results ignored="0" total="1" passed="1" failed="0" skipped="0">
  <reporter-output>
  </reporter-output>
  <suite started-at="2022-09-21T16:25:02 IST" name="Default suite" finished-at="2022-09-21T16:25:02 IST" duration-ms="54">
    <groups>
    </groups>
    <test started-at="2022-09-21T16:25:02 IST" name="Default test" finished-at="2022-09-21T16:25:02 IST" duration-ms="54">
      <class name="practice.PracticeTest">
        <test-method signature="show()[pri:0, instance:practice.PracticeTest@f736069]" started-at="2022-09-21T16:25:02 IST" name="show" finished-at="2022-09-21T16:25:02 IST" duration-ms="11" status="PASS">
          <reporter-output>
          </reporter-output>
        </test-method> <!-- show -->
      </class> <!-- practice.PracticeTest -->
    </test> <!-- Default test -->
  </suite> <!-- Default suite -->
</testng-results>
